TN:
SF:src\engine\breathe-engine.ts
FN:33,BreatheEngine
FN:38,getPatternDurations
FN:50,parseCustomPattern
FN:68,get totalDuration
FN:73,setPattern
FN:83,getAmplitude
FN:112,getCurrentPhase
FNF:7
FNH:6
FNDA:26,BreatheEngine
FNDA:48,getPatternDurations
FNDA:0,parseCustomPattern
FNDA:25,get totalDuration
FNDA:22,setPattern
FNDA:8,getAmplitude
FNDA:9,getCurrentPhase
DA:16,1
DA:17,1
DA:18,1
DA:19,1
DA:20,1
DA:21,1
DA:22,1
DA:28,1
DA:33,1
DA:34,26
DA:35,26
DA:36,26
DA:38,1
DA:39,48
DA:40,0
DA:41,0
DA:42,0
DA:44,0
DA:45,0
DA:46,0
DA:47,48
DA:48,48
DA:50,1
DA:51,0
DA:52,0
DA:53,0
DA:54,0
DA:55,0
DA:56,0
DA:57,0
DA:58,0
DA:59,0
DA:60,0
DA:61,0
DA:62,0
DA:63,0
DA:65,0
DA:66,0
DA:68,1
DA:69,25
DA:70,25
DA:71,25
DA:73,1
DA:74,22
DA:75,22
DA:76,22
DA:77,22
DA:83,1
DA:84,8
DA:85,8
DA:87,8
DA:89,4
DA:90,4
DA:91,4
DA:93,8
DA:95,2
DA:96,2
DA:98,2
DA:99,8
DA:101,0
DA:102,0
DA:103,0
DA:106,2
DA:107,8
DA:112,1
DA:113,9
DA:114,9
DA:116,9
DA:117,2
DA:118,2
DA:119,2
DA:120,2
DA:121,2
DA:123,9
DA:124,3
DA:125,3
DA:126,3
DA:127,3
DA:128,3
DA:130,4
DA:131,9
DA:132,2
DA:133,2
DA:134,2
DA:135,2
DA:136,2
DA:139,2
DA:140,2
DA:141,2
DA:142,2
DA:143,9
DA:144,1
LF:92
LH:68
BRDA:33,0,0,26
BRDA:38,1,0,48
BRDA:39,2,0,0
BRDA:68,3,0,25
BRDA:73,4,0,22
BRDA:83,5,0,8
BRDA:87,6,0,4
BRDA:93,7,0,2
BRDA:99,8,0,0
BRDA:103,9,0,2
BRDA:112,10,0,9
BRDA:116,11,0,2
BRDA:121,12,0,7
BRDA:123,13,0,3
BRDA:128,14,0,4
BRDA:131,15,0,2
BRF:16
BRH:14
end_of_record
TN:
SF:src\engine\gamification.ts
FN:132,MeditationTracker
FN:138,loadStats
FN:178,saveStats
FN:190,shouldIncrementStreak
FN:200,startHovering
FN:207,stopHovering
FN:219,onBreathingCycleComplete
FN:232,addMeditationTime
FN:258,addXP
FN:263,getCurrentLevel
FN:272,getProgressToNextLevel
FN:292,getStats
FN:296,getDailyGoalProgress
FN:301,formatSessionTime
FN:316,getStreakIcon
FN:325,getGamificationDisplay
FN:336,reset
FN:351,getGoalOptions
FN:360,getActiveSession
FN:361,getActivePledge
FN:363,startSession
FN:384,pauseSession
FN:392,resumeSession
FN:399,endSession
FN:451,makePledge
FN:464,cancelPledge
FN:472,ensureDailyChallenges
FN:481,generateDailyChallenges
FN:529,getChallengeTarget
FN:541,getChallengeRewardXP
FN:554,getDailyChallenges
FN:563,getAvailableChallenges
FN:570,completeChallenge
FN:584,checkChallengeAutoCompletion
FN:630,getTodayCycles
FN:648,getSessionStatusBarText
FNF:36
FNH:33
FNDA:25,MeditationTracker
FNDA:25,loadStats
FNDA:184,saveStats
FNDA:6,shouldIncrementStreak
FNDA:81,startHovering
FNDA:2,stopHovering
FNDA:140,onBreathingCycleComplete
FNDA:5,addMeditationTime
FNDA:143,addXP
FNDA:31,getCurrentLevel
FNDA:2,getProgressToNextLevel
FNDA:9,getStats
FNDA:0,getDailyGoalProgress
FNDA:4,formatSessionTime
FNDA:3,getStreakIcon
FNDA:1,getGamificationDisplay
FNDA:1,reset
FNDA:2,getGoalOptions
FNDA:1,getActiveSession
FNDA:1,getActivePledge
FNDA:6,startSession
FNDA:1,pauseSession
FNDA:1,resumeSession
FNDA:4,endSession
FNDA:4,makePledge
FNDA:0,cancelPledge
FNDA:32,ensureDailyChallenges
FNDA:24,generateDailyChallenges
FNDA:35,getChallengeTarget
FNDA:35,getChallengeRewardXP
FNDA:6,getDailyChallenges
FNDA:2,getAvailableChallenges
FNDA:1,completeChallenge
FNDA:2,checkChallengeAutoCompletion
FNDA:2,getTodayCycles
FNDA:0,getSessionStatusBarText
DA:81,1
DA:82,1
DA:83,1
DA:84,1
DA:85,1
DA:86,1
DA:87,1
DA:88,1
DA:90,1
DA:91,1
DA:94,1
DA:95,1
DA:96,1
DA:97,1
DA:98,1
DA:99,1
DA:100,1
DA:101,1
DA:102,1
DA:103,1
DA:104,1
DA:105,1
DA:106,1
DA:107,1
DA:108,1
DA:109,1
DA:110,1
DA:111,1
DA:112,1
DA:113,1
DA:114,1
DA:115,1
DA:116,1
DA:117,1
DA:118,1
DA:119,1
DA:120,1
DA:121,1
DA:123,1
DA:125,1
DA:126,1
DA:127,1
DA:129,1
DA:130,1
DA:132,1
DA:133,25
DA:134,25
DA:135,25
DA:136,25
DA:138,1
DA:139,25
DA:140,25
DA:141,25
DA:143,25
DA:144,25
DA:146,0
DA:147,0
DA:149,25
DA:151,1
DA:152,1
DA:153,1
DA:154,1
DA:155,1
DA:156,1
DA:157,1
DA:158,1
DA:159,1
DA:160,1
DA:161,0
DA:162,0
DA:163,25
DA:164,0
DA:165,0
DA:167,24
DA:168,24
DA:169,24
DA:170,24
DA:171,24
DA:172,24
DA:173,24
DA:174,24
DA:175,24
DA:176,25
DA:178,1
DA:179,184
DA:180,184
DA:182,184
DA:183,184
DA:185,184
DA:186,0
DA:187,0
DA:188,184
DA:190,1
DA:191,6
DA:193,0
DA:194,0
DA:195,0
DA:197,0
DA:198,6
DA:200,1
DA:201,81
DA:202,8
DA:203,8
DA:204,8
DA:205,81
DA:207,1
DA:208,2
DA:209,2
DA:210,2
DA:213,2
DA:214,1
DA:215,1
DA:216,2
DA:217,2
DA:219,1
DA:221,140
DA:222,79
DA:223,79
DA:224,79
DA:226,140
DA:227,60
DA:228,60
DA:229,60
DA:230,140
DA:232,1
DA:233,5
DA:236,5
DA:237,5
DA:238,5
DA:241,5
DA:242,5
DA:243,0
DA:244,5
DA:245,5
DA:246,5
DA:248,5
DA:249,5
DA:250,5
DA:252,5
DA:253,5
DA:255,5
DA:256,5
DA:258,1
DA:259,143
DA:260,143
DA:261,143
DA:263,1
DA:264,31
DA:265,247
DA:266,31
DA:267,31
DA:268,247
DA:269,0
DA:270,31
DA:272,1
DA:273,2
DA:274,2
DA:276,2
DA:278,0
DA:279,0
DA:281,2
DA:282,2
DA:283,2
DA:285,2
DA:286,2
DA:287,2
DA:288,2
DA:289,2
DA:290,2
DA:292,1
DA:293,9
DA:294,9
DA:296,1
DA:297,0
DA:298,0
DA:299,0
DA:301,1
DA:302,4
DA:303,4
DA:305,4
DA:306,2
DA:307,2
DA:308,1
DA:309,1
DA:310,1
DA:311,1
DA:312,1
DA:313,1
DA:314,4
DA:316,1
DA:317,3
DA:318,3
DA:319,1
DA:320,0
DA:321,0
DA:322,0
DA:323,3
DA:325,1
DA:326,1
DA:327,1
DA:328,1
DA:330,1
DA:331,1
DA:332,1
DA:333,1
DA:334,1
DA:336,1
DA:337,1
DA:338,1
DA:339,1
DA:340,1
DA:341,1
DA:342,1
DA:343,1
DA:344,1
DA:345,1
DA:346,1
DA:347,1
DA:348,1
DA:351,1
DA:352,2
DA:353,2
DA:354,0
DA:355,0
DA:356,0
DA:357,0
DA:358,2
DA:360,1
DA:361,1
DA:363,1
DA:364,6
DA:365,0
DA:366,0
DA:367,6
DA:368,6
DA:369,6
DA:370,6
DA:371,6
DA:372,6
DA:373,6
DA:374,6
DA:375,6
DA:376,6
DA:377,6
DA:378,6
DA:379,6
DA:380,6
DA:381,6
DA:382,6
DA:384,1
DA:385,1
DA:386,1
DA:387,1
DA:388,1
DA:389,1
DA:390,1
DA:392,1
DA:393,1
DA:394,1
DA:395,1
DA:396,1
DA:397,1
DA:399,1
DA:400,4
DA:402,4
DA:403,4
DA:404,4
DA:405,4
DA:406,4
DA:407,4
DA:408,4
DA:409,4
DA:411,4
DA:412,4
DA:413,4
DA:414,2
DA:415,2
DA:416,2
DA:417,2
DA:418,0
DA:419,0
DA:420,2
DA:421,4
DA:422,4
DA:423,4
DA:424,2
DA:425,2
DA:426,2
DA:427,2
DA:428,4
DA:429,4
DA:430,4
DA:431,4
DA:432,4
DA:433,4
DA:434,4
DA:435,4
DA:436,4
DA:437,4
DA:438,4
DA:439,4
DA:440,4
DA:441,4
DA:443,4
DA:444,4
DA:445,4
DA:446,4
DA:447,4
DA:448,4
DA:451,1
DA:452,4
DA:453,1
DA:454,1
DA:455,3
DA:456,3
DA:457,3
DA:458,3
DA:459,3
DA:460,3
DA:461,3
DA:462,4
DA:464,1
DA:465,0
DA:466,0
DA:467,0
DA:468,0
DA:472,1
DA:473,32
DA:474,32
DA:476,24
DA:477,24
DA:478,24
DA:479,32
DA:481,1
DA:482,24
DA:483,24
DA:484,24
DA:485,24
DA:488,24
DA:490,24
DA:491,24
DA:492,24
DA:494,24
DA:495,35
DA:496,35
DA:497,35
DA:499,35
DA:500,35
DA:503,35
DA:504,35
DA:505,8
DA:506,35
DA:507,6
DA:508,27
DA:509,21
DA:510,21
DA:512,35
DA:513,35
DA:514,35
DA:515,35
DA:516,35
DA:517,35
DA:518,35
DA:519,35
DA:520,35
DA:521,35
DA:522,35
DA:523,35
DA:524,35
DA:526,24
DA:527,24
DA:529,1
DA:530,35
DA:531,35
DA:532,35
DA:533,35
DA:534,35
DA:535,35
DA:536,35
DA:537,35
DA:538,35
DA:539,35
DA:541,1
DA:542,35
DA:543,35
DA:544,35
DA:545,35
DA:546,35
DA:547,35
DA:548,35
DA:549,35
DA:550,35
DA:551,35
DA:552,35
DA:554,1
DA:555,6
DA:556,6
DA:557,6
DA:558,9
DA:559,9
DA:560,6
DA:561,6
DA:563,1
DA:564,2
DA:565,2
DA:566,3
DA:567,2
DA:568,2
DA:570,1
DA:571,1
DA:572,1
DA:573,0
DA:574,0
DA:576,1
DA:577,1
DA:578,1
DA:579,1
DA:581,1
DA:582,1
DA:584,1
DA:585,2
DA:586,2
DA:587,2
DA:588,2
DA:590,2
DA:591,0
DA:593,0
DA:594,0
DA:595,0
DA:596,0
DA:597,0
DA:598,0
DA:599,0
DA:600,0
DA:602,0
DA:603,0
DA:604,0
DA:605,0
DA:606,0
DA:607,0
DA:608,0
DA:609,0
DA:610,0
DA:611,0
DA:612,0
DA:613,0
DA:614,0
DA:615,0
DA:616,0
DA:617,0
DA:619,0
DA:620,0
DA:621,0
DA:622,0
DA:623,0
DA:624,0
DA:625,0
DA:627,2
DA:628,2
DA:630,1
DA:632,2
DA:634,2
DA:635,1
DA:636,1
DA:638,2
DA:639,2
DA:640,1
DA:641,2
DA:643,2
DA:644,2
DA:645,2
DA:648,1
DA:649,0
DA:650,0
DA:651,0
DA:652,0
DA:653,0
DA:654,0
DA:655,0
DA:656,0
DA:657,0
DA:658,0
DA:659,0
DA:660,0
DA:661,0
DA:662,0
DA:663,1
LF:487
LH:405
BRDA:132,0,0,25
BRDA:138,1,0,25
BRDA:144,2,0,0
BRDA:149,3,0,1
BRDA:157,4,0,0
BRDA:160,5,0,0
BRDA:163,6,0,0
BRDA:165,7,0,24
BRDA:178,8,0,184
BRDA:185,9,0,0
BRDA:190,10,0,6
BRDA:191,11,0,0
BRDA:200,12,0,81
BRDA:201,13,0,8
BRDA:207,14,0,2
BRDA:213,15,0,1
BRDA:219,16,0,140
BRDA:221,17,0,79
BRDA:226,18,0,60
BRDA:226,19,0,60
BRDA:232,20,0,5
BRDA:242,21,0,0
BRDA:258,22,0,143
BRDA:263,23,0,31
BRDA:264,24,0,247
BRDA:265,25,0,31
BRDA:268,26,0,0
BRDA:272,27,0,2
BRDA:276,28,0,0
BRDA:274,29,0,4
BRDA:292,30,0,9
BRDA:301,31,0,4
BRDA:305,32,0,2
BRDA:307,33,0,1
BRDA:316,34,0,3
BRDA:317,35,0,2
BRDA:317,36,0,1
BRDA:318,37,0,0
BRDA:318,38,0,1
BRDA:319,39,0,0
BRDA:325,40,0,1
BRDA:336,41,0,1
BRDA:351,42,0,2
BRDA:353,43,0,0
BRDA:360,44,0,1
BRDA:360,45,0,0
BRDA:361,46,0,1
BRDA:361,47,0,0
BRDA:363,48,0,6
BRDA:364,49,0,0
BRDA:368,50,0,0
BRDA:368,51,0,0
BRDA:384,52,0,1
BRDA:385,53,0,0
BRDA:392,54,0,1
BRDA:393,55,0,0
BRDA:399,56,0,4
BRDA:400,57,0,0
BRDA:407,58,0,0
BRDA:408,59,0,0
BRDA:409,60,0,0
BRDA:409,61,0,0
BRDA:413,62,0,2
BRDA:413,63,0,2
BRDA:417,64,0,0
BRDA:422,65,0,3
BRDA:423,66,0,2
BRDA:423,67,0,2
BRDA:426,68,0,0
BRDA:445,69,0,2
BRDA:445,70,0,2
BRDA:445,71,0,0
BRDA:451,72,0,4
BRDA:452,73,0,1
BRDA:452,74,0,1
BRDA:452,75,0,1
BRDA:454,76,0,3
BRDA:472,77,0,32
BRDA:474,78,0,8
BRDA:474,79,0,24
BRDA:481,80,0,24
BRDA:491,81,0,0
BRDA:492,82,0,0
BRDA:494,83,0,35
BRDA:504,84,0,8
BRDA:506,85,0,27
BRDA:506,86,0,6
BRDA:508,87,0,21
BRDA:529,88,0,35
BRDA:531,89,0,9
BRDA:532,90,0,12
BRDA:533,91,0,0
BRDA:534,92,0,8
BRDA:535,93,0,6
BRDA:536,94,0,0
BRDA:537,95,0,0
BRDA:541,96,0,35
BRDA:544,97,0,9
BRDA:545,98,0,12
BRDA:546,99,0,0
BRDA:547,100,0,8
BRDA:548,101,0,6
BRDA:549,102,0,0
BRDA:550,103,0,0
BRDA:554,104,0,6
BRDA:557,105,0,0
BRDA:557,106,0,9
BRDA:563,107,0,2
BRDA:565,108,0,3
BRDA:566,109,0,1
BRDA:570,110,0,1
BRDA:571,111,0,0
BRDA:572,112,0,0
BRDA:571,113,0,1
BRDA:584,114,0,2
BRDA:590,115,0,0
BRDA:630,116,0,2
BRDA:634,117,0,1
BRDA:639,118,0,1
BRDA:639,119,0,1
BRDA:643,120,0,1
BRF:121
BRH:82
end_of_record
TN:
SF:src\engine\onboarding.ts
FN:131,OnboardingManager
FN:136,loadState
FN:172,saveState
FN:180,shouldShowTour
FN:184,markTourCompleted
FN:191,getNextEngagementMessage
FN:241,getBaseInterval
FN:250,daysBetween
FN:257,markMessageShown
FN:263,updatePreferences
FN:268,reset
FN:286,getState
FN:291,getTutorialProgress
FN:295,startTutorial
FN:304,advanceTutorialStep
FN:313,completeTutorial
FN:321,getTutorialSteps
FNF:17
FNH:11
FNDA:33,OnboardingManager
FNDA:33,loadState
FNDA:38,saveState
FNDA:4,shouldShowTour
FNDA:0,markTourCompleted
FNDA:0,getNextEngagementMessage
FNDA:0,getBaseInterval
FNDA:0,daysBetween
FNDA:0,markMessageShown
FNDA:0,updatePreferences
FNDA:1,reset
FNDA:5,getState
FNDA:25,getTutorialProgress
FNDA:14,startTutorial
FNDA:18,advanceTutorialStep
FNDA:5,completeTutorial
FNDA:17,getTutorialSteps
DA:56,1
DA:57,1
DA:58,1
DA:59,1
DA:60,1
DA:61,1
DA:62,1
DA:63,1
DA:64,1
DA:65,1
DA:66,1
DA:67,1
DA:68,1
DA:69,1
DA:70,1
DA:71,1
DA:72,1
DA:73,1
DA:74,1
DA:75,1
DA:76,1
DA:77,1
DA:78,1
DA:79,1
DA:80,1
DA:81,1
DA:82,1
DA:83,1
DA:84,1
DA:85,1
DA:86,1
DA:87,1
DA:88,1
DA:89,1
DA:90,1
DA:91,1
DA:92,1
DA:93,1
DA:94,1
DA:95,1
DA:96,1
DA:97,1
DA:98,1
DA:99,1
DA:100,1
DA:101,1
DA:102,1
DA:103,1
DA:104,1
DA:105,1
DA:106,1
DA:107,1
DA:108,1
DA:109,1
DA:110,1
DA:111,1
DA:112,1
DA:113,1
DA:114,1
DA:115,1
DA:116,1
DA:117,1
DA:118,1
DA:119,1
DA:120,1
DA:121,1
DA:122,1
DA:123,1
DA:124,1
DA:125,1
DA:127,1
DA:131,1
DA:132,33
DA:133,33
DA:134,33
DA:136,1
DA:137,33
DA:138,33
DA:139,33
DA:140,2
DA:141,2
DA:142,2
DA:143,1
DA:144,1
DA:145,1
DA:146,2
DA:147,0
DA:148,0
DA:149,0
DA:150,2
DA:151,2
DA:152,33
DA:153,0
DA:154,0
DA:156,31
DA:157,31
DA:158,31
DA:159,31
DA:160,31
DA:161,31
DA:162,31
DA:163,31
DA:164,31
DA:165,31
DA:166,31
DA:167,31
DA:168,31
DA:169,31
DA:170,33
DA:172,1
DA:173,38
DA:174,38
DA:175,38
DA:176,0
DA:177,0
DA:178,38
DA:180,1
DA:181,4
DA:182,4
DA:184,1
DA:185,0
DA:186,0
DA:187,0
DA:188,0
DA:189,0
DA:191,1
DA:192,0
DA:193,0
DA:194,0
DA:197,0
DA:198,0
DA:199,0
DA:202,0
DA:203,0
DA:204,0
DA:206,0
DA:207,0
DA:208,0
DA:211,0
DA:213,0
DA:214,0
DA:215,0
DA:218,0
DA:219,0
DA:220,0
DA:221,0
DA:222,0
DA:223,0
DA:224,0
DA:225,0
DA:226,0
DA:227,0
DA:228,0
DA:229,0
DA:230,0
DA:231,0
DA:233,0
DA:234,0
DA:237,0
DA:238,0
DA:239,0
DA:241,1
DA:242,0
DA:243,0
DA:244,0
DA:245,0
DA:246,0
DA:247,0
DA:248,0
DA:250,1
DA:251,0
DA:252,0
DA:253,0
DA:254,0
DA:255,0
DA:257,1
DA:258,0
DA:259,0
DA:260,0
DA:261,0
DA:263,1
DA:264,0
DA:265,0
DA:266,0
DA:268,1
DA:269,1
DA:270,1
DA:271,1
DA:272,1
DA:273,1
DA:274,1
DA:275,1
DA:276,1
DA:277,1
DA:278,1
DA:279,1
DA:280,1
DA:281,1
DA:282,1
DA:283,1
DA:284,1
DA:286,1
DA:287,5
DA:288,5
DA:291,1
DA:292,25
DA:293,25
DA:295,1
DA:296,14
DA:297,14
DA:298,14
DA:299,14
DA:300,14
DA:301,14
DA:302,14
DA:304,1
DA:305,18
DA:306,16
DA:307,16
DA:308,18
DA:309,18
DA:310,18
DA:311,18
DA:313,1
DA:314,5
DA:315,5
DA:316,5
DA:317,5
DA:318,5
DA:321,1
DA:329,17
DA:330,17
DA:331,17
DA:332,17
DA:333,17
DA:334,17
DA:335,17
DA:336,17
DA:337,17
DA:338,17
DA:339,17
DA:340,17
DA:341,17
DA:342,17
DA:343,17
DA:360,17
DA:361,17
DA:362,17
DA:363,17
DA:364,17
DA:365,17
DA:366,17
DA:367,17
DA:368,17
DA:369,17
DA:370,17
DA:371,17
DA:372,17
DA:373,17
DA:374,17
DA:375,17
DA:376,17
DA:377,17
DA:397,17
DA:398,17
DA:399,17
DA:400,17
DA:401,17
DA:402,17
DA:403,17
DA:404,17
DA:420,17
DA:421,17
DA:422,17
DA:423,17
DA:424,17
DA:425,17
DA:426,17
DA:427,17
DA:456,17
DA:457,17
DA:458,17
DA:459,17
DA:460,17
DA:461,17
DA:462,17
DA:463,17
DA:482,17
DA:483,17
DA:484,17
DA:485,17
DA:486,1
LF:292
LH:226
BRDA:131,0,0,33
BRDA:136,1,0,33
BRDA:139,2,0,2
BRDA:142,3,0,1
BRDA:146,4,0,0
BRDA:152,5,0,0
BRDA:154,6,0,31
BRDA:172,7,0,38
BRDA:175,8,0,0
BRDA:180,9,0,4
BRDA:268,10,0,1
BRDA:286,11,0,5
BRDA:291,12,0,25
BRDA:295,13,0,14
BRDA:304,14,0,18
BRDA:305,15,0,16
BRDA:313,16,0,5
BRDA:321,17,0,17
BRF:18
BRH:15
end_of_record
TN:
SF:src\engine\tutorial-service.ts
FN:1,(empty-report)
FNF:1
FNH:1
FNDA:1,(empty-report)
DA:6,0
DA:19,0
DA:21,0
DA:22,0
DA:24,0
DA:25,0
DA:26,0
DA:27,0
DA:29,0
DA:30,0
DA:31,0
DA:33,0
DA:35,0
DA:36,0
DA:37,0
DA:38,0
DA:39,0
DA:40,0
DA:41,0
DA:42,0
DA:43,0
DA:44,0
DA:46,0
DA:47,0
DA:48,0
DA:49,0
DA:51,0
DA:52,0
DA:54,0
DA:55,0
DA:56,0
DA:58,0
DA:59,0
DA:61,0
DA:62,0
DA:64,0
DA:65,0
DA:66,0
DA:68,0
DA:69,0
DA:70,0
DA:72,0
DA:73,0
DA:75,0
DA:76,0
DA:83,0
DA:145,0
DA:166,0
DA:286,0
DA:288,0
DA:289,0
DA:291,0
DA:292,0
DA:293,0
DA:294,0
DA:295,0
DA:297,0
DA:298,0
DA:299,0
DA:301,0
DA:302,0
DA:303,0
DA:305,0
DA:306,0
DA:307,0
DA:309,0
DA:310,0
DA:311,0
DA:312,0
DA:313,0
DA:314,0
DA:316,0
DA:317,0
DA:319,0
DA:320,0
DA:321,0
DA:322,0
DA:323,0
DA:324,0
DA:325,0
DA:327,0
DA:328,0
DA:329,0
DA:330,0
DA:331,0
DA:333,0
DA:334,0
DA:336,0
DA:337,0
DA:338,0
DA:340,0
DA:341,0
DA:342,0
DA:343,0
DA:344,0
DA:345,0
DA:347,0
DA:349,0
DA:350,0
DA:351,0
DA:352,0
DA:353,0
DA:354,0
DA:355,0
DA:357,0
DA:358,0
DA:361,0
DA:362,0
DA:365,0
DA:366,0
DA:367,0
DA:369,0
DA:372,0
DA:373,0
DA:375,0
DA:376,0
DA:377,0
DA:379,0
DA:381,0
DA:382,0
DA:383,0
DA:385,0
DA:386,0
DA:387,0
DA:388,0
LF:125
LH:0
BRDA:1,0,0,1
BRF:1
BRH:1
end_of_record
TN:
SF:src\test\runTest.ts
FN:1,(empty-report)
FNF:1
FNH:0
FNDA:0,(empty-report)
DA:1,0
DA:2,0
DA:4,0
DA:5,0
DA:7,0
DA:10,0
DA:13,0
DA:14,0
DA:15,0
DA:16,0
DA:17,0
DA:18,0
DA:20,0
LF:13
LH:0
BRDA:1,0,0,0
BRF:1
BRH:0
end_of_record
TN:
SF:src\test\suite\index.ts
FN:1,(empty-report)
FNF:1
FNH:0
FNDA:0,(empty-report)
DA:1,0
DA:2,0
DA:3,0
DA:5,0
DA:7,0
DA:8,0
DA:9,0
DA:10,0
DA:12,0
DA:14,0
DA:15,0
DA:17,0
DA:19,0
DA:21,0
DA:22,0
DA:23,0
DA:24,0
DA:25,0
DA:26,0
DA:27,0
DA:28,0
DA:29,0
DA:30,0
DA:31,0
DA:32,0
DA:33,0
DA:34,0
LF:27
LH:0
BRDA:1,0,0,0
BRF:1
BRH:0
end_of_record
TN:
SF:src\vscode\extension.ts
FN:1,(empty-report)
FNF:1
FNH:1
FNDA:1,(empty-report)
DA:6,0
DA:7,0
DA:8,0
DA:9,0
DA:10,0
DA:12,0
DA:13,0
DA:14,0
DA:15,0
DA:16,0
DA:17,0
DA:18,0
DA:19,0
DA:20,0
DA:22,0
DA:28,0
DA:30,0
DA:31,0
DA:32,0
DA:33,0
DA:34,0
DA:35,0
DA:36,0
DA:37,0
DA:38,0
DA:39,0
DA:40,0
DA:41,0
DA:42,0
DA:43,0
DA:44,0
DA:45,0
DA:46,0
DA:47,0
DA:48,0
DA:49,0
DA:50,0
DA:51,0
DA:52,0
DA:53,0
DA:54,0
DA:55,0
DA:56,0
DA:57,0
DA:58,0
DA:59,0
DA:60,0
DA:61,0
DA:62,0
DA:63,0
DA:64,0
DA:65,0
DA:66,0
DA:67,0
DA:68,0
DA:69,0
DA:70,0
DA:71,0
DA:72,0
DA:73,0
DA:74,0
DA:75,0
DA:76,0
DA:77,0
DA:78,0
DA:79,0
DA:80,0
DA:81,0
DA:82,0
DA:83,0
DA:84,0
DA:85,0
DA:86,0
DA:87,0
DA:88,0
DA:89,0
DA:90,0
DA:91,0
DA:92,0
DA:93,0
DA:94,0
DA:95,0
DA:96,0
DA:97,0
DA:98,0
DA:99,0
DA:100,0
DA:101,0
DA:102,0
DA:105,0
DA:107,0
DA:109,0
DA:110,0
DA:111,0
DA:113,0
DA:116,0
DA:119,0
DA:122,0
DA:125,0
DA:126,0
DA:127,0
DA:128,0
DA:129,0
DA:132,0
DA:133,0
DA:134,0
DA:135,0
DA:136,0
DA:139,0
DA:140,0
DA:141,0
DA:142,0
DA:143,0
DA:145,0
DA:146,0
DA:149,0
DA:150,0
DA:151,0
DA:153,0
DA:154,0
DA:156,0
DA:157,0
DA:158,0
DA:159,0
DA:160,0
DA:161,0
DA:162,0
DA:163,0
DA:164,0
DA:165,0
DA:166,0
DA:167,0
DA:168,0
DA:169,0
DA:170,0
DA:171,0
DA:172,0
DA:173,0
DA:174,0
DA:175,0
DA:176,0
DA:177,0
DA:178,0
DA:179,0
DA:180,0
DA:181,0
DA:182,0
DA:183,0
DA:184,0
DA:185,0
DA:186,0
DA:189,0
DA:190,0
DA:191,0
DA:192,0
DA:193,0
DA:194,0
DA:195,0
DA:196,0
DA:197,0
DA:198,0
DA:199,0
DA:200,0
DA:201,0
DA:202,0
DA:203,0
DA:204,0
DA:205,0
DA:206,0
DA:207,0
DA:208,0
DA:209,0
DA:210,0
DA:211,0
DA:212,0
DA:213,0
DA:214,0
DA:215,0
DA:216,0
DA:217,0
DA:218,0
DA:219,0
DA:220,0
DA:221,0
DA:222,0
DA:223,0
DA:224,0
DA:225,0
DA:228,0
DA:229,0
DA:230,0
DA:231,0
DA:232,0
DA:233,0
DA:234,0
DA:235,0
DA:236,0
DA:237,0
DA:238,0
DA:239,0
DA:240,0
DA:241,0
DA:242,0
DA:243,0
DA:244,0
DA:245,0
DA:246,0
DA:247,0
DA:248,0
DA:250,0
DA:251,0
DA:252,0
DA:253,0
DA:254,0
DA:255,0
DA:257,0
DA:259,0
DA:261,0
DA:262,0
DA:263,0
DA:264,0
DA:265,0
DA:266,0
DA:267,0
DA:268,0
DA:269,0
DA:270,0
DA:271,0
DA:272,0
DA:273,0
DA:274,0
DA:275,0
DA:276,0
DA:278,0
DA:279,0
DA:280,0
DA:282,0
DA:283,0
DA:284,0
DA:285,0
DA:286,0
DA:287,0
DA:288,0
DA:289,0
DA:290,0
DA:291,0
DA:292,0
DA:293,0
DA:294,0
DA:295,0
DA:296,0
DA:297,0
DA:298,0
DA:299,0
DA:300,0
DA:302,0
DA:303,0
DA:304,0
DA:305,0
DA:306,0
DA:307,0
DA:308,0
DA:311,0
DA:312,0
DA:313,0
DA:314,0
DA:315,0
DA:316,0
DA:318,0
DA:319,0
DA:320,0
DA:321,0
DA:322,0
DA:323,0
DA:325,0
DA:326,0
DA:327,0
DA:328,0
DA:330,0
DA:331,0
DA:332,0
DA:333,0
DA:335,0
DA:336,0
DA:337,0
DA:338,0
DA:339,0
DA:340,0
DA:342,0
DA:343,0
DA:344,0
DA:345,0
DA:346,0
DA:347,0
DA:349,0
DA:350,0
DA:351,0
DA:353,0
DA:354,0
DA:355,0
DA:356,0
DA:357,0
DA:358,0
DA:359,0
DA:360,0
DA:363,0
DA:364,0
DA:365,0
DA:366,0
DA:367,0
DA:368,0
DA:369,0
DA:370,0
DA:371,0
DA:372,0
DA:373,0
DA:374,0
DA:375,0
DA:376,0
DA:377,0
DA:378,0
DA:379,0
DA:380,0
DA:381,0
DA:382,0
DA:383,0
DA:384,0
DA:385,0
DA:386,0
DA:387,0
DA:388,0
DA:389,0
DA:390,0
DA:391,0
DA:392,0
DA:393,0
DA:394,0
DA:396,0
DA:397,0
DA:398,0
DA:399,0
DA:400,0
DA:401,0
DA:402,0
DA:403,0
DA:404,0
DA:405,0
DA:406,0
DA:407,0
DA:408,0
DA:409,0
DA:410,0
DA:411,0
DA:412,0
DA:413,0
DA:416,0
DA:417,0
DA:418,0
DA:420,0
DA:422,0
DA:423,0
DA:424,0
DA:425,0
DA:426,0
DA:427,0
DA:428,0
DA:429,0
DA:431,0
DA:432,0
DA:433,0
DA:435,0
DA:436,0
DA:437,0
DA:438,0
DA:439,0
DA:440,0
DA:441,0
DA:442,0
DA:443,0
DA:444,0
DA:445,0
DA:446,0
DA:447,0
DA:448,0
DA:449,0
DA:450,0
DA:452,0
DA:453,0
DA:454,0
DA:455,0
DA:456,0
DA:457,0
DA:458,0
DA:460,0
DA:461,0
DA:462,0
DA:464,0
DA:465,0
DA:467,0
DA:468,0
DA:469,0
DA:471,0
DA:472,0
DA:473,0
DA:474,0
DA:475,0
DA:476,0
DA:477,0
DA:478,0
DA:479,0
DA:480,0
DA:481,0
DA:482,0
DA:483,0
DA:485,0
DA:486,0
DA:487,0
DA:488,0
DA:491,0
DA:492,0
DA:493,0
DA:496,0
DA:497,0
DA:498,0
DA:499,0
DA:500,0
DA:501,0
DA:502,0
DA:503,0
DA:505,0
DA:506,0
DA:507,0
DA:508,0
DA:509,0
DA:510,0
DA:511,0
DA:512,0
DA:513,0
DA:514,0
DA:515,0
DA:516,0
DA:517,0
DA:518,0
DA:519,0
DA:520,0
DA:521,0
DA:522,0
DA:523,0
DA:524,0
DA:525,0
DA:526,0
DA:529,0
DA:530,0
DA:531,0
DA:534,0
DA:537,0
DA:538,0
DA:540,0
DA:541,0
DA:543,0
DA:544,0
DA:545,0
DA:546,0
DA:548,0
DA:549,0
DA:550,0
DA:551,0
DA:554,0
DA:555,0
DA:556,0
DA:557,0
DA:558,0
DA:560,0
DA:561,0
DA:562,0
DA:564,0
DA:565,0
DA:566,0
DA:567,0
DA:570,0
DA:571,0
DA:572,0
DA:573,0
DA:574,0
DA:575,0
DA:576,0
DA:577,0
DA:578,0
DA:579,0
DA:582,0
DA:583,0
DA:584,0
DA:585,0
DA:586,0
DA:587,0
DA:588,0
DA:589,0
DA:592,0
DA:593,0
DA:596,0
DA:597,0
DA:598,0
DA:599,0
DA:600,0
DA:603,0
DA:604,0
DA:605,0
DA:608,0
DA:609,0
DA:610,0
DA:611,0
DA:612,0
DA:615,0
DA:616,0
DA:617,0
DA:618,0
DA:619,0
DA:620,0
DA:622,0
DA:623,0
DA:624,0
DA:625,0
DA:626,0
DA:627,0
DA:628,0
DA:629,0
DA:630,0
DA:631,0
DA:633,0
DA:634,0
DA:636,0
DA:637,0
DA:638,0
DA:639,0
DA:641,0
DA:642,0
DA:644,0
DA:645,0
DA:646,0
DA:647,0
DA:648,0
DA:649,0
DA:650,0
DA:651,0
DA:652,0
DA:653,0
DA:654,0
DA:655,0
DA:656,0
DA:657,0
DA:658,0
DA:661,0
DA:662,0
DA:663,0
DA:664,0
DA:665,0
DA:666,0
DA:667,0
DA:668,0
DA:669,0
DA:670,0
DA:671,0
DA:672,0
DA:673,0
DA:674,0
DA:675,0
DA:676,0
DA:677,0
DA:678,0
DA:679,0
DA:680,0
DA:681,0
DA:682,0
DA:685,0
DA:686,0
DA:687,0
DA:688,0
DA:689,0
DA:690,0
DA:691,0
DA:692,0
DA:694,0
DA:695,0
DA:696,0
DA:697,0
DA:698,0
DA:699,0
DA:700,0
DA:701,0
DA:702,0
DA:703,0
DA:704,0
DA:705,0
DA:706,0
DA:707,0
DA:708,0
DA:709,0
DA:710,0
DA:712,0
DA:713,0
DA:714,0
DA:715,0
DA:716,0
DA:717,0
DA:718,0
DA:719,0
DA:722,0
DA:723,0
DA:724,0
DA:725,0
DA:726,0
DA:727,0
DA:729,0
DA:731,0
DA:732,0
DA:735,0
DA:736,0
DA:740,0
DA:742,0
DA:744,0
DA:745,0
DA:746,0
DA:748,0
DA:749,0
DA:750,0
DA:752,0
DA:753,0
DA:754,0
DA:757,0
DA:758,0
DA:759,0
DA:760,0
DA:761,0
DA:762,0
DA:764,0
DA:765,0
DA:766,0
DA:767,0
DA:768,0
DA:769,0
DA:770,0
DA:771,0
DA:772,0
DA:773,0
DA:774,0
DA:775,0
DA:776,0
DA:777,0
DA:778,0
DA:780,0
DA:781,0
DA:782,0
DA:784,0
DA:786,0
DA:787,0
DA:788,0
DA:789,0
DA:791,0
DA:792,0
DA:793,0
DA:794,0
DA:795,0
DA:796,0
DA:797,0
DA:798,0
DA:799,0
DA:800,0
DA:802,0
DA:803,0
DA:804,0
DA:806,0
DA:807,0
DA:809,0
DA:810,0
DA:811,0
DA:812,0
DA:814,0
DA:815,0
DA:817,0
DA:818,0
DA:819,0
DA:820,0
DA:821,0
DA:822,0
DA:823,0
DA:825,0
DA:826,0
DA:828,0
DA:830,0
DA:831,0
DA:832,0
DA:833,0
DA:836,0
DA:837,0
DA:838,0
DA:839,0
DA:840,0
DA:842,0
DA:843,0
DA:844,0
DA:845,0
DA:846,0
DA:847,0
DA:849,0
DA:850,0
DA:851,0
DA:852,0
DA:853,0
DA:855,0
DA:856,0
DA:857,0
DA:859,0
DA:860,0
DA:861,0
DA:862,0
DA:863,0
DA:864,0
DA:865,0
DA:867,0
DA:868,0
DA:869,0
DA:871,0
DA:872,0
DA:874,0
DA:875,0
DA:876,0
DA:878,0
DA:879,0
DA:880,0
DA:881,0
DA:882,0
DA:883,0
DA:884,0
DA:885,0
DA:887,0
DA:888,0
DA:889,0
DA:890,0
DA:891,0
DA:893,0
DA:894,0
DA:896,0
DA:897,0
DA:898,0
DA:899,0
DA:901,0
DA:902,0
DA:903,0
DA:904,0
DA:905,0
DA:906,0
DA:907,0
DA:909,0
DA:910,0
DA:911,0
DA:912,0
DA:913,0
DA:914,0
DA:915,0
DA:916,0
DA:917,0
DA:918,0
DA:919,0
DA:921,0
DA:922,0
DA:923,0
DA:924,0
DA:925,0
DA:926,0
LF:769
LH:0
BRDA:1,0,0,1
BRF:1
BRH:1
end_of_record
